<?xml version="1.0" encoding="UTF-8"?>
<testng-results ignored="0" total="23" passed="23" failed="0" skipped="0">
  <reporter-output>
  </reporter-output>
  <suite started-at="2026-06-11T21:55:12 IST" name="GUI Elements Suite" finished-at="2026-06-11T21:56:10 IST" duration-ms="58389">
    <groups>
    </groups>
    <test started-at="2026-06-11T21:55:12 IST" name="GUI Test" finished-at="2026-06-11T21:56:10 IST" duration-ms="58389">
      <class name="tests.GUIElementsTest">
        <test-method is-config="true" signature="setup()[pri:0, instance:tests.GUIElementsTest@1a677343]" started-at="2026-06-11T21:55:12 IST" name="setup" finished-at="2026-06-11T21:55:20 IST" duration-ms="8335" status="PASS">
          <reporter-output>
          </reporter-output>
        </test-method> <!-- setup -->
        <test-method signature="testFillForm()[pri:1, instance:tests.GUIElementsTest@1a677343]" started-at="2026-06-11T21:55:20 IST" name="testFillForm" finished-at="2026-06-11T21:55:22 IST" duration-ms="2259" status="PASS">
          <reporter-output>
          </reporter-output>
        </test-method> <!-- testFillForm -->
        <test-method signature="testSelectGender()[pri:2, instance:tests.GUIElementsTest@1a677343]" started-at="2026-06-11T21:55:22 IST" name="testSelectGender" finished-at="2026-06-11T21:55:24 IST" duration-ms="2130" status="PASS">
          <reporter-output>
          </reporter-output>
        </test-method> <!-- testSelectGender -->
        <test-method signature="testSelectDays()[pri:3, instance:tests.GUIElementsTest@1a677343]" started-at="2026-06-11T21:55:24 IST" name="testSelectDays" finished-at="2026-06-11T21:55:27 IST" duration-ms="2227" status="PASS">
          <reporter-output>
          </reporter-output>
        </test-method> <!-- testSelectDays -->
        <test-method signature="testSelectCountry()[pri:4, instance:tests.GUIElementsTest@1a677343]" started-at="2026-06-11T21:55:27 IST" name="testSelectCountry" finished-at="2026-06-11T21:55:29 IST" duration-ms="2095" status="PASS">
          <reporter-output>
          </reporter-output>
        </test-method> <!-- testSelectCountry -->
        <test-method signature="testSelectColor()[pri:5, instance:tests.GUIElementsTest@1a677343]" started-at="2026-06-11T21:55:29 IST" name="testSelectColor" finished-at="2026-06-11T21:55:31 IST" duration-ms="2080" status="PASS">
          <reporter-output>
          </reporter-output>
        </test-method> <!-- testSelectColor -->
        <test-method signature="testSelectSortedList()[pri:6, instance:tests.GUIElementsTest@1a677343]" started-at="2026-06-11T21:55:31 IST" name="testSelectSortedList" finished-at="2026-06-11T21:55:33 IST" duration-ms="2081" status="PASS">
          <reporter-output>
          </reporter-output>
        </test-method> <!-- testSelectSortedList -->
        <test-method signature="testDatePicker1()[pri:7, instance:tests.GUIElementsTest@1a677343]" started-at="2026-06-11T21:55:33 IST" name="testDatePicker1" finished-at="2026-06-11T21:55:35 IST" duration-ms="2097" status="PASS">
          <reporter-output>
          </reporter-output>
        </test-method> <!-- testDatePicker1 -->
        <test-method signature="testDatePicker2()[pri:8, instance:tests.GUIElementsTest@1a677343]" started-at="2026-06-11T21:55:35 IST" name="testDatePicker2" finished-at="2026-06-11T21:55:37 IST" duration-ms="2280" status="PASS">
          <reporter-output>
          </reporter-output>
        </test-method> <!-- testDatePicker2 -->
        <test-method signature="testDateRangePicker()[pri:9, instance:tests.GUIElementsTest@1a677343]" started-at="2026-06-11T21:55:37 IST" name="testDateRangePicker" finished-at="2026-06-11T21:55:39 IST" duration-ms="2178" status="PASS">
          <reporter-output>
          </reporter-output>
        </test-method> <!-- testDateRangePicker -->
        <test-method signature="testFileUpload()[pri:10, instance:tests.GUIElementsTest@1a677343]" started-at="2026-06-11T21:55:39 IST" name="testFileUpload" finished-at="2026-06-11T21:55:41 IST" duration-ms="2064" status="PASS">
          <reporter-output>
          </reporter-output>
        </test-method> <!-- testFileUpload -->
        <test-method signature="testWikipedia()[pri:11, instance:tests.GUIElementsTest@1a677343]" started-at="2026-06-11T21:55:41 IST" name="testWikipedia" finished-at="2026-06-11T21:55:44 IST" duration-ms="2162" status="PASS">
          <reporter-output>
          </reporter-output>
        </test-method> <!-- testWikipedia -->
        <test-method signature="testDynamicButton()[pri:12, instance:tests.GUIElementsTest@1a677343]" started-at="2026-06-11T21:55:44 IST" name="testDynamicButton" finished-at="2026-06-11T21:55:46 IST" duration-ms="2098" status="PASS">
          <reporter-output>
          </reporter-output>
        </test-method> <!-- testDynamicButton -->
        <test-method signature="testSimpleAlert()[pri:13, instance:tests.GUIElementsTest@1a677343]" started-at="2026-06-11T21:55:46 IST" name="testSimpleAlert" finished-at="2026-06-11T21:55:48 IST" duration-ms="2081" status="PASS">
          <reporter-output>
          </reporter-output>
        </test-method> <!-- testSimpleAlert -->
        <test-method signature="testConfirmationAlert()[pri:14, instance:tests.GUIElementsTest@1a677343]" started-at="2026-06-11T21:55:48 IST" name="testConfirmationAlert" finished-at="2026-06-11T21:55:50 IST" duration-ms="2081" status="PASS">
          <reporter-output>
          </reporter-output>
        </test-method> <!-- testConfirmationAlert -->
        <test-method signature="testPromptAlert()[pri:15, instance:tests.GUIElementsTest@1a677343]" started-at="2026-06-11T21:55:50 IST" name="testPromptAlert" finished-at="2026-06-11T21:55:52 IST" duration-ms="2081" status="PASS">
          <reporter-output>
          </reporter-output>
        </test-method> <!-- testPromptAlert -->
        <test-method signature="testMouseHover()[pri:16, instance:tests.GUIElementsTest@1a677343]" started-at="2026-06-11T21:55:52 IST" name="testMouseHover" finished-at="2026-06-11T21:55:54 IST" duration-ms="2212" status="PASS">
          <reporter-output>
          </reporter-output>
        </test-method> <!-- testMouseHover -->
        <test-method signature="testDoubleClick()[pri:17, instance:tests.GUIElementsTest@1a677343]" started-at="2026-06-11T21:55:54 IST" name="testDoubleClick" finished-at="2026-06-11T21:55:56 IST" duration-ms="2246" status="PASS">
          <reporter-output>
          </reporter-output>
        </test-method> <!-- testDoubleClick -->
        <test-method signature="testDragAndDrop()[pri:18, instance:tests.GUIElementsTest@1a677343]" started-at="2026-06-11T21:55:56 IST" name="testDragAndDrop" finished-at="2026-06-11T21:55:59 IST" duration-ms="2331" status="PASS">
          <reporter-output>
          </reporter-output>
        </test-method> <!-- testDragAndDrop -->
        <test-method signature="testSlider()[pri:19, instance:tests.GUIElementsTest@1a677343]" started-at="2026-06-11T21:55:59 IST" name="testSlider" finished-at="2026-06-11T21:56:01 IST" duration-ms="2447" status="PASS">
          <reporter-output>
          </reporter-output>
        </test-method> <!-- testSlider -->
        <test-method signature="testPagination()[pri:20, instance:tests.GUIElementsTest@1a677343]" started-at="2026-06-11T21:56:01 IST" name="testPagination" finished-at="2026-06-11T21:56:03 IST" duration-ms="2263" status="PASS">
          <reporter-output>
          </reporter-output>
        </test-method> <!-- testPagination -->
        <test-method signature="testSection1Submit()[pri:21, instance:tests.GUIElementsTest@1a677343]" started-at="2026-06-11T21:56:03 IST" name="testSection1Submit" finished-at="2026-06-11T21:56:06 IST" duration-ms="2147" status="PASS">
          <reporter-output>
          </reporter-output>
        </test-method> <!-- testSection1Submit -->
        <test-method signature="testSection2Submit()[pri:22, instance:tests.GUIElementsTest@1a677343]" started-at="2026-06-11T21:56:06 IST" name="testSection2Submit" finished-at="2026-06-11T21:56:08 IST" duration-ms="2198" status="PASS">
          <reporter-output>
          </reporter-output>
        </test-method> <!-- testSection2Submit -->
        <test-method signature="testSection3Submit()[pri:23, instance:tests.GUIElementsTest@1a677343]" started-at="2026-06-11T21:56:08 IST" name="testSection3Submit" finished-at="2026-06-11T21:56:10 IST" duration-ms="2149" status="PASS">
          <reporter-output>
          </reporter-output>
        </test-method> <!-- testSection3Submit -->
        <test-method is-config="true" signature="tearDown()[pri:0, instance:tests.GUIElementsTest@1a677343]" started-at="2026-06-11T21:56:10 IST" name="tearDown" finished-at="2026-06-11T21:56:10 IST" duration-ms="0" status="PASS">
          <reporter-output>
          </reporter-output>
        </test-method> <!-- tearDown -->
      </class> <!-- tests.GUIElementsTest -->
    </test> <!-- GUI Test -->
  </suite> <!-- GUI Elements Suite -->
</testng-results>
