<?xml version="1.0" encoding="UTF-8"?>
<!-- Generated by org.testng.reporters.JUnitReportReporter -->
<testsuite hostname="DESKTOP-GPH8J05" failures="0" tests="23" name="tests.GUIElementsTest" time="49.987" errors="0" timestamp="2026-06-11T21:56:10 IST" skipped="0">
  <testcase classname="tests.GUIElementsTest" name="testFillForm" time="2.259"/>
  <testcase classname="tests.GUIElementsTest" name="testSelectGender" time="2.130"/>
  <testcase classname="tests.GUIElementsTest" name="testSelectDays" time="2.227"/>
  <testcase classname="tests.GUIElementsTest" name="testSelectCountry" time="2.095"/>
  <testcase classname="tests.GUIElementsTest" name="testSelectColor" time="2.080"/>
  <testcase classname="tests.GUIElementsTest" name="testSelectSortedList" time="2.081"/>
  <testcase classname="tests.GUIElementsTest" name="testDatePicker1" time="2.097"/>
  <testcase classname="tests.GUIElementsTest" name="testDatePicker2" time="2.280"/>
  <testcase classname="tests.GUIElementsTest" name="testDateRangePicker" time="2.178"/>
  <testcase classname="tests.GUIElementsTest" name="testFileUpload" time="2.064"/>
  <testcase classname="tests.GUIElementsTest" name="testWikipedia" time="2.162"/>
  <testcase classname="tests.GUIElementsTest" name="testDynamicButton" time="2.098"/>
  <testcase classname="tests.GUIElementsTest" name="testSimpleAlert" time="2.081"/>
  <testcase classname="tests.GUIElementsTest" name="testConfirmationAlert" time="2.081"/>
  <testcase classname="tests.GUIElementsTest" name="testPromptAlert" time="2.081"/>
  <testcase classname="tests.GUIElementsTest" name="testMouseHover" time="2.212"/>
  <testcase classname="tests.GUIElementsTest" name="testDoubleClick" time="2.246"/>
  <testcase classname="tests.GUIElementsTest" name="testDragAndDrop" time="2.331"/>
  <testcase classname="tests.GUIElementsTest" name="testSlider" time="2.447"/>
  <testcase classname="tests.GUIElementsTest" name="testPagination" time="2.263"/>
  <testcase classname="tests.GUIElementsTest" name="testSection1Submit" time="2.147"/>
  <testcase classname="tests.GUIElementsTest" name="testSection2Submit" time="2.198"/>
  <testcase classname="tests.GUIElementsTest" name="testSection3Submit" time="2.149"/>
</testsuite> <!-- tests.GUIElementsTest -->
